{"/Users/lucas/Desktop/School Stuff/CS48/5pm-restroom/app/UCSBB/components/StyledText.js": {"path":"/Users/lucas/Desktop/School Stuff/CS48/5pm-restroom/app/UCSBB/components/StyledText.js","statementMap":{"0":{"start":{"line":1,"column":42},"end":{"line":1,"column":97}},"1":{"start":{"line":1,"column":98},"end":{"line":1,"column":160}},"2":{"start":{"line":1,"column":160},"end":{"line":1,"column":188}},"3":{"start":{"line":1,"column":204},"end":{"line":1,"column":269}},"4":{"start":{"line":1,"column":283},"end":{"line":1,"column":323}},"5":{"start":{"line":2,"column":19},"end":{"line":2,"column":42}},"6":{"start":{"line":2,"column":62},"end":{"line":2,"column":150}},"7":{"start":{"line":5,"column":2},"end":{"line":6,"column":197}}},"fnMap":{"0":{"name":"MonoText","decl":{"start":{"line":4,"column":9},"end":{"line":4,"column":17}},"loc":{"start":{"line":4,"column":25},"end":{"line":8,"column":1}},"line":4}},"branchMap":{},"s":{"0":1,"1":1,"2":1,"3":1,"4":1,"5":1,"6":1,"7":1},"f":{"0":1},"b":{},"_coverageSchema":"43e27e138ebf9cfc5966b082cf9a028302ed4184","hash":"2ca5a364d2f5fa2c4c1359bbd3c72bf2028aa894"}
}
